{"PayloadData1": "Target: OOPS\\yeager.tommy", "PayloadData2": "LogonType 3", "PayloadData3": "LogonId: 0X33968A", "MapDescription": "An account was logged off", "ChunkNumber": 0, "Computer": "OOPS-DC.oops.net", "Payload": "{\"EventData\": {\"Data\": [{\"@Name\": \"TargetUserSid\", \"#text\": \"S-1-5-21-3521346-774097835-5683131894-1204\"}, {\"@Name\": \"TargetUserName\", \"#text\": \"yeager.tommy\"}, {\"@Name\": \"TargetDomainName\", \"#text\": \"OOPS\"}, {\"@Name\": \"TargetLogonId\", \"#text\": \"0X33968A\"}, {\"@Name\": \"LogonType\", \"#text\": \"3\"}]}}", "Channel": "Security", "Provider": "Microsoft-Windows-Security-Auditing", "EventId": 4634, "EventRecordId": "5207", "ProcessId": 693, "ThreadId": 1465, "Level": "LogAlways", "Keywords": "Audit success", "SourceFile": "C:\\Windows\\system32\\winevt\\Logs\\Security.evtx", "ExtraDataOffset": 0, "HiddenRecord": false, "TimeCreated": "2021-03-16T11:13:57.3778867+00:00", "RecordNumber": "5207"}
{"PayloadData1": "Target: OOPS\\OOPS-WORKSTATION_4$", "PayloadData2": "LogonType 3", "PayloadData3": "LogonId: 0X339667", "MapDescription": "An account was logged off", "ChunkNumber": 0, "Computer": "OOPS-DC.oops.net", "Payload": "{\"EventData\": {\"Data\": [{\"@Name\": \"TargetUserSid\", \"#text\": \"S-1-5-21-3521346-774097835-5683131894-1249\"}, {\"@Name\": \"TargetUserName\", \"#text\": \"OOPS-WORKSTATION_4$\"}, {\"@Name\": \"TargetDomainName\", \"#text\": \"OOPS\"}, {\"@Name\": \"TargetLogonId\", \"#text\": \"0X339667\"}, {\"@Name\": \"LogonType\", \"#text\": \"3\"}]}}", "Channel": "Security", "Provider": "Microsoft-Windows-Security-Auditing", "EventId": 4634, "EventRecordId": "5209", "ProcessId": 693, "ThreadId": 1465, "Level": "LogAlways", "Keywords": "Audit success", "SourceFile": "C:\\Windows\\system32\\winevt\\Logs\\Security.evtx", "ExtraDataOffset": 0, "HiddenRecord": false, "TimeCreated": "2021-03-16T11:13:57.4342256+00:00", "RecordNumber": "5209"}
{"PayloadData1": "Target: OOPS.NET\\OOPS-WORKSTATION_4$@OOPS.NET", "PayloadData2": "ServiceName: OOPS-DC$", "PayloadData3": "ServiceSid: S-1-5-21-3521346-774097835-5683131894-1000", "PayloadData4": "TicketEncryptionType: AES256-CTS-HMAC-SHA1-96", "PayloadData5": "Status: KDC_ERR_NONE - No error - No errors were found.", "RemoteHost": "::ffff:10.210.95.151:44642", "MapDescription": "A Kerberos service ticket was requested", "ChunkNumber": 0, "Computer": "OOPS-DC.oops.net", "Payload": "{\"EventData\": {\"Data\": [{\"@Name\": \"TargetUserName\", \"#text\": \"OOPS-WORKSTATION_4$@OOPS.NET\"}, {\"@Name\": \"TargetDomainName\", \"#text\": \"OOPS.NET\"}, {\"@Name\": \"ServiceName\", \"#text\": \"OOPS-DC$\"}, {\"@Name\": \"ServiceSid\", \"#text\": \"S-1-5-21-3521346-774097835-5683131894-1000\"}, {\"@Name\": \"TicketOptions\", \"#text\": \"0x40800000\"}, {\"@Name\": \"TicketEncryptionType\", \"#text\": \"0x12\"}, {\"@Name\": \"IpAddress\", \"#text\": \"::ffff:10.210.95.151\"}, {\"@Name\": \"IpPort\", \"#text\": \"44642\"}, {\"@Name\": \"Status\", \"#text\": \"0x0\"}, {\"@Name\": \"LogonGuid\", \"#text\": \"43e3f85f-b86d-497a-9357-af93da40aa0c\"}, {\"@Name\": \"TransmittedServices\", \"#text\": \"-\"}]}}", "Channel": "Security", "Provider": "Microsoft-Windows-Security-Auditing", "EventId": 4769, "EventRecordId": "5214", "ProcessId": 693, "ThreadId": 2543, "Level": "LogAlways", "Keywords": "Audit success", "SourceFile": "C:\\Windows\\system32\\winevt\\Logs\\Security.evtx", "ExtraDataOffset": 0, "HiddenRecord": false, "TimeCreated": "2021-03-16T11:14:00.4928842+00:00", "RecordNumber": "5214"}
{"PayloadData1": "Target: OOPS.NET\\yeager.tommy@OOPS.NET", "PayloadData2": "ServiceName: OOPS-DC$", "PayloadData3": "ServiceSid: S-1-5-21-3521346-774097835-5683131894-1000", "PayloadData4": "TicketEncryptionType: AES256-CTS-HMAC-SHA1-96", "PayloadData5": "Status: KDC_ERR_NONE - No error - No errors were found.", "RemoteHost": "::ffff:10.210.95.151:44643", "MapDescription": "A Kerberos service ticket was requested", "ChunkNumber": 0, "Computer": "OOPS-DC.oops.net", "Payload": "{\"EventData\": {\"Data\": [{\"@Name\": \"TargetUserName\", \"#text\": \"yeager.tommy@OOPS.NET\"}, {\"@Name\": \"TargetDomainName\", \"#text\": \"OOPS.NET\"}, {\"@Name\": \"ServiceName\", \"#text\": \"OOPS-DC$\"}, {\"@Name\": \"ServiceSid\", \"#text\": \"S-1-5-21-3521346-774097835-5683131894-1000\"}, {\"@Name\": \"TicketOptions\", \"#text\": \"0x40810000\"}, {\"@Name\": \"TicketEncryptionType\", \"#text\": \"0x12\"}, {\"@Name\": \"IpAddress\", \"#text\": \"::ffff:10.210.95.151\"}, {\"@Name\": \"IpPort\", \"#text\": \"44643\"}, {\"@Name\": \"Status\", \"#text\": \"0x0\"}, {\"@Name\": \"LogonGuid\", \"#text\": \"482506bd-6eae-4cb2-87d9-8fb5685c658c\"}, {\"@Name\": \"TransmittedServices\", \"#text\": \"-\"}]}}", "Channel": "Security", "Provider": "Microsoft-Windows-Security-Auditing", "EventId": 4769, "EventRecordId": "5217", "ProcessId": 693, "ThreadId": 2543, "Level": "LogAlways", "Keywords": "Audit success", "SourceFile": "C:\\Windows\\system32\\winevt\\Logs\\Security.evtx", "ExtraDataOffset": 0, "HiddenRecord": false, "TimeCreated": "2021-03-16T11:14:00.5273326+00:00", "RecordNumber": "5217"}
{"PayloadData1": "Target: OOPS.NET\\OOPS-WORKSTATION_4$", "PayloadData2": "LogonType 3", "PayloadData3": "LogonId: 0X33969E", "UserName": "-\\-", "RemoteHost": "- (10.210.95.151)", "ExecutableInfo": "-", "MapDescription": "Successful logon", "ChunkNumber": 0, "Computer": "OOPS-DC.oops.net", "Payload": "{\"EventData\": {\"Data\": [{\"@Name\": \"SubjectUserSid\", \"#text\": \"S-1-0-0\"}, {\"@Name\": \"SubjectUserName\", \"#text\": \"-\"}, {\"@Name\": \"SubjectDomainName\", \"#text\": \"-\"}, {\"@Name\": \"SubjectLogonId\", \"#text\": \"0x0\"}, {\"@Name\": \"TargetUserSid\", \"#text\": \"S-1-5-21-3521346-774097835-5683131894-1249\"}, {\"@Name\": \"TargetUserName\", \"#text\": \"OOPS-WORKSTATION_4$\"}, {\"@Name\": \"TargetDomainName\", \"#text\": \"OOPS.NET\"}, {\"@Name\": \"TargetLogonId\", \"#text\": \"0X33969E\"}, {\"@Name\": \"LogonType\", \"#text\": \"3\"}, {\"@Name\": \"LogonProcessName\", \"#text\": \"Kerberos\"}, {\"@Name\": \"AuthenticationPackageName\", \"#text\": \"Kerberos\"}, {\"@Name\": \"WorkstationName\", \"#text\": \"-\"}, {\"@Name\": \"LogonGuid\", \"#text\": \"e5642e0a-7156-4dd5-a756-b3077eba819c\"}, {\"@Name\": \"TransmittedServices\", \"#text\": \"-\"}, {\"@Name\": \"LmPackageName\", \"#text\": \"-\"}, {\"@Name\": \"KeyLength\", \"#text\": \"0\"}, {\"@Name\": \"ProcessId\", \"#text\": \"0x0\"}, {\"@Name\": \"ProcessName\", \"#text\": \"-\"}, {\"@Name\": \"IpAddress\", \"#text\": \"10.210.95.151\"}, {\"@Name\": \"IpPort\", \"#text\": \"44645\"}, {\"@Name\": \"ImpersonationLevel\", \"#text\": \"%%1833\"}, {\"@Name\": \"RestrictedAdminMode\", \"#text\": \"-\"}, {\"@Name\": \"TargetOutboundUserName\", \"#text\": \"-\"}, {\"@Name\": \"TargetOutboundDomainName\", \"#text\": \"-\"}, {\"@Name\": \"VirtualAccount\", \"#text\": \"%%1843\"}, {\"@Name\": \"TargetLinkedLogonId\", \"#text\": \"0x0\"}, {\"@Name\": \"ElevatedToken\", \"#text\": \"%%1842\"}]}}", "Channel": "Security", "Provider": "Microsoft-Windows-Security-Auditing", "EventId": 4624, "EventRecordId": "5218", "ProcessId": 693, "ThreadId": 1465, "Level": "LogAlways", "Keywords": "Audit success", "SourceFile": "C:\\Windows\\system32\\winevt\\Logs\\Security.evtx", "ExtraDataOffset": 0, "HiddenRecord": false, "TimeCreated": "2021-03-16T11:14:00.5731415+00:00", "RecordNumber": "5218"}
{"PayloadData1": "Target: OOPS.NET\\OOPS-WORKSTATION_4$", "PayloadData2": "LogonType 3", "PayloadData3": "LogonId: 0X3396C4", "UserName": "-\\-", "RemoteHost": "- (10.210.95.151)", "ExecutableInfo": "-", "MapDescription": "Successful logon", "ChunkNumber": 0, "Computer": "OOPS-DC.oops.net", "Payload": "{\"EventData\": {\"Data\": [{\"@Name\": \"SubjectUserSid\", \"#text\": \"S-1-0-0\"}, {\"@Name\": \"SubjectUserName\", \"#text\": \"-\"}, {\"@Name\": \"SubjectDomainName\", \"#text\": \"-\"}, {\"@Name\": \"SubjectLogonId\", \"#text\": \"0x0\"}, {\"@Name\": \"TargetUserSid\", \"#text\": \"S-1-5-21-3521346-774097835-5683131894-1249\"}, {\"@Name\": \"TargetUserName\", \"#text\": \"OOPS-WORKSTATION_4$\"}, {\"@Name\": \"TargetDomainName\", \"#text\": \"OOPS.NET\"}, {\"@Name\": \"TargetLogonId\", \"#text\": \"0X3396C4\"}, {\"@Name\": \"LogonType\", \"#text\": \"3\"}, {\"@Name\": \"LogonProcessName\", \"#text\": \"Kerberos\"}, {\"@Name\": \"AuthenticationPackageName\", \"#text\": \"Kerberos\"}, {\"@Name\": \"WorkstationName\", \"#text\": \"-\"}, {\"@Name\": \"LogonGuid\", \"#text\": \"07443993-18bb-4bea-946d-4f119de784b2\"}, {\"@Name\": \"TransmittedServices\", \"#text\": \"-\"}, {\"@Name\": \"LmPackageName\", \"#text\": \"-\"}, {\"@Name\": \"KeyLength\", \"#text\": \"0\"}, {\"@Name\": \"ProcessId\", \"#text\": \"0x0\"}, {\"@Name\": \"ProcessName\", \"#text\": \"-\"}, {\"@Name\": \"IpAddress\", \"#text\": \"10.210.95.151\"}, {\"@Name\": \"IpPort\", \"#text\": \"44646\"}, {\"@Name\": \"ImpersonationLevel\", \"#text\": \"%%1833\"}, {\"@Name\": \"RestrictedAdminMode\", \"#text\": \"-\"}, {\"@Name\": \"TargetOutboundUserName\", \"#text\": \"-\"}, {\"@Name\": \"TargetOutboundDomainName\", \"#text\": \"-\"}, {\"@Name\": \"VirtualAccount\", \"#text\": \"%%1843\"}, {\"@Name\": \"TargetLinkedLogonId\", \"#text\": \"0x0\"}, {\"@Name\": \"ElevatedToken\", \"#text\": \"%%1842\"}]}}", "Channel": "Security", "Provider": "Microsoft-Windows-Security-Auditing", "EventId": 4624, "EventRecordId": "5224", "ProcessId": 693, "ThreadId": 6644, "Level": "LogAlways", "Keywords": "Audit success", "SourceFile": "C:\\Windows\\system32\\winevt\\Logs\\Security.evtx", "ExtraDataOffset": 0, "HiddenRecord": false, "TimeCreated": "2021-03-16T11:14:00.6379926+00:00", "RecordNumber": "5224"}
{"PayloadData1": "Target: OOPS.NET\\yeager.tommy", "PayloadData2": "LogonType 3", "PayloadData3": "LogonId: 0X3396D2", "UserName": "-\\-", "RemoteHost": "- (10.210.95.151)", "ExecutableInfo": "-", "MapDescription": "Successful logon", "ChunkNumber": 0, "Computer": "OOPS-DC.oops.net", "Payload": "{\"EventData\": {\"Data\": [{\"@Name\": \"SubjectUserSid\", \"#text\": \"S-1-0-0\"}, {\"@Name\": \"SubjectUserName\", \"#text\": \"-\"}, {\"@Name\": \"SubjectDomainName\", \"#text\": \"-\"}, {\"@Name\": \"SubjectLogonId\", \"#text\": \"0x0\"}, {\"@Name\": \"TargetUserSid\", \"#text\": \"S-1-5-21-3521346-774097835-5683131894-1204\"}, {\"@Name\": \"TargetUserName\", \"#text\": \"yeager.tommy\"}, {\"@Name\": \"TargetDomainName\", \"#text\": \"OOPS.NET\"}, {\"@Name\": \"TargetLogonId\", \"#text\": \"0X3396D2\"}, {\"@Name\": \"LogonType\", \"#text\": \"3\"}, {\"@Name\": \"LogonProcessName\", \"#text\": \"Kerberos\"}, {\"@Name\": \"AuthenticationPackageName\", \"#text\": \"Kerberos\"}, {\"@Name\": \"WorkstationName\", \"#text\": \"-\"}, {\"@Name\": \"LogonGuid\", \"#text\": \"f0d0db13-40ce-4e28-a709-a63393cdef05\"}, {\"@Name\": \"TransmittedServices\", \"#text\": \"-\"}, {\"@Name\": \"LmPackageName\", \"#text\": \"-\"}, {\"@Name\": \"KeyLength\", \"#text\": \"0\"}, {\"@Name\": \"ProcessId\", \"#text\": \"0x0\"}, {\"@Name\": \"ProcessName\", \"#text\": \"-\"}, {\"@Name\": \"IpAddress\", \"#text\": \"10.210.95.151\"}, {\"@Name\": \"IpPort\", \"#text\": \"44649\"}, {\"@Name\": \"ImpersonationLevel\", \"#text\": \"%%1833\"}, {\"@Name\": \"RestrictedAdminMode\", \"#text\": \"-\"}, {\"@Name\": \"TargetOutboundUserName\", \"#text\": \"-\"}, {\"@Name\": \"TargetOutboundDomainName\", \"#text\": \"-\"}, {\"@Name\": \"VirtualAccount\", \"#text\": \"%%1843\"}, {\"@Name\": \"TargetLinkedLogonId\", \"#text\": \"0x0\"}, {\"@Name\": \"ElevatedToken\", \"#text\": \"%%1842\"}]}}", "Channel": "Security", "Provider": "Microsoft-Windows-Security-Auditing", "EventId": 4624, "EventRecordId": "5227", "ProcessId": 693, "ThreadId": 5958, "Level": "LogAlways", "Keywords": "Audit success", "SourceFile": "C:\\Windows\\system32\\winevt\\Logs\\Security.evtx", "ExtraDataOffset": 0, "HiddenRecord": false, "TimeCreated": "2021-03-16T11:14:00.6676202+00:00", "RecordNumber": "5227"}
{"PayloadData1": "Target: OOPS\\OOPS-WORKSTATION_4$", "PayloadData2": "LogonType 3", "PayloadData3": "LogonId: 0X3396C4", "MapDescription": "An account was logged off", "ChunkNumber": 0, "Computer": "OOPS-DC.oops.net", "Payload": "{\"EventData\": {\"Data\": [{\"@Name\": \"TargetUserSid\", \"#text\": \"S-1-5-21-3521346-774097835-5683131894-1249\"}, {\"@Name\": \"TargetUserName\", \"#text\": \"OOPS-WORKSTATION_4$\"}, {\"@Name\": \"TargetDomainName\", \"#text\": \"OOPS\"}, {\"@Name\": \"TargetLogonId\", \"#text\": \"0X3396C4\"}, {\"@Name\": \"LogonType\", \"#text\": \"3\"}]}}", "Channel": "Security", "Provider": "Microsoft-Windows-Security-Auditing", "EventId": 4634, "EventRecordId": "5233", "ProcessId": 693, "ThreadId": 5958, "Level": "LogAlways", "Keywords": "Audit success", "SourceFile": "C:\\Windows\\system32\\winevt\\Logs\\Security.evtx", "ExtraDataOffset": 0, "HiddenRecord": false, "TimeCreated": "2021-03-16T11:14:00.7364177+00:00", "RecordNumber": "5233"}
{"PayloadData1": "Target: OOPS\\yeager.tommy", "PayloadData2": "LogonType 3", "PayloadData3": "LogonId: 0X3396D2", "MapDescription": "An account was logged off", "ChunkNumber": 0, "Computer": "OOPS-DC.oops.net", "Payload": "{\"EventData\": {\"Data\": [{\"@Name\": \"TargetUserSid\", \"#text\": \"S-1-5-21-3521346-774097835-5683131894-1204\"}, {\"@Name\": \"TargetUserName\", \"#text\": \"yeager.tommy\"}, {\"@Name\": \"TargetDomainName\", \"#text\": \"OOPS\"}, {\"@Name\": \"TargetLogonId\", \"#text\": \"0X3396D2\"}, {\"@Name\": \"LogonType\", \"#text\": \"3\"}]}}", "Channel": "Security", "Provider": "Microsoft-Windows-Security-Auditing", "EventId": 4634, "EventRecordId": "5238", "ProcessId": 693, "ThreadId": 5958, "Level": "LogAlways", "Keywords": "Audit success", "SourceFile": "C:\\Windows\\system32\\winevt\\Logs\\Security.evtx", "ExtraDataOffset": 0, "HiddenRecord": false, "TimeCreated": "2021-03-16T11:14:00.8072291+00:00", "RecordNumber": "5238"}
{"PayloadData1": "Target: OOPS\\OOPS-WORKSTATION_4$", "PayloadData2": "LogonType 3", "PayloadData3": "LogonId: 0X33969E", "MapDescription": "An account was logged off", "ChunkNumber": 0, "Computer": "OOPS-DC.oops.net", "Payload": "{\"EventData\": {\"Data\": [{\"@Name\": \"TargetUserSid\", \"#text\": \"S-1-5-21-3521346-774097835-5683131894-1249\"}, {\"@Name\": \"TargetUserName\", \"#text\": \"OOPS-WORKSTATION_4$\"}, {\"@Name\": \"TargetDomainName\", \"#text\": \"OOPS\"}, {\"@Name\": \"TargetLogonId\", \"#text\": \"0X33969E\"}, {\"@Name\": \"LogonType\", \"#text\": \"3\"}]}}", "Channel": "Security", "Provider": "Microsoft-Windows-Security-Auditing", "EventId": 4634, "EventRecordId": "5241", "ProcessId": 693, "ThreadId": 6644, "Level": "LogAlways", "Keywords": "Audit success", "SourceFile": "C:\\Windows\\system32\\winevt\\Logs\\Security.evtx", "ExtraDataOffset": 0, "HiddenRecord": false, "TimeCreated": "2021-03-16T11:14:00.8392846+00:00", "RecordNumber": "5241"}
{"PayloadData1": "Target: OOPS.NET\\OOPS-WORKSTATION_4$@OOPS.NET", "PayloadData2": "ServiceName: OOPS-WORKSTATION_4$", "PayloadData3": "ServiceSid: S-1-5-21-3521346-774097835-5683131894-1249", "PayloadData4": "TicketEncryptionType: AES256-CTS-HMAC-SHA1-96", "PayloadData5": "Status: KDC_ERR_NONE - No error - No errors were found.", "RemoteHost": "::ffff:10.210.95.151:44651", "MapDescription": "A Kerberos service ticket was requested", "ChunkNumber": 0, "Computer": "OOPS-DC.oops.net", "Payload": "{\"EventData\": {\"Data\": [{\"@Name\": \"TargetUserName\", \"#text\": \"OOPS-WORKSTATION_4$@OOPS.NET\"}, {\"@Name\": \"TargetDomainName\", \"#text\": \"OOPS.NET\"}, {\"@Name\": \"ServiceName\", \"#text\": \"OOPS-WORKSTATION_4$\"}, {\"@Name\": \"ServiceSid\", \"#text\": \"S-1-5-21-3521346-774097835-5683131894-1249\"}, {\"@Name\": \"TicketOptions\", \"#text\": \"0x40810000\"}, {\"@Name\": \"TicketEncryptionType\", \"#text\": \"0x12\"}, {\"@Name\": \"IpAddress\", \"#text\": \"::ffff:10.210.95.151\"}, {\"@Name\": \"IpPort\", \"#text\": \"44651\"}, {\"@Name\": \"Status\", \"#text\": \"0x0\"}, {\"@Name\": \"LogonGuid\", \"#text\": \"a923da1e-877b-4e77-985a-5646df4a9dee\"}, {\"@Name\": \"TransmittedServices\", \"#text\": \"-\"}]}}", "Channel": "Security", "Provider": "Microsoft-Windows-Security-Auditing", "EventId": 4769, "EventRecordId": "5247", "ProcessId": 693, "ThreadId": 2543, "Level": "LogAlways", "Keywords": "Audit success", "SourceFile": "C:\\Windows\\system32\\winevt\\Logs\\Security.evtx", "ExtraDataOffset": 0, "HiddenRecord": false, "TimeCreated": "2021-03-16T11:14:00.9044556+00:00", "RecordNumber": "5247"}
{"PayloadData1": "Target: OOPS.NET\\OOPS-WORKSTATION_4$", "PayloadData2": "LogonType 3", "PayloadData3": "LogonId: 0X3396E5", "UserName": "-\\-", "RemoteHost": "- (10.210.95.151)", "ExecutableInfo": "-", "MapDescription": "Successful logon", "ChunkNumber": 0, "Computer": "OOPS-DC.oops.net", "Payload": "{\"EventData\": {\"Data\": [{\"@Name\": \"SubjectUserSid\", \"#text\": \"S-1-0-0\"}, {\"@Name\": \"SubjectUserName\", \"#text\": \"-\"}, {\"@Name\": \"SubjectDomainName\", \"#text\": \"-\"}, {\"@Name\": \"SubjectLogonId\", \"#text\": \"0x0\"}, {\"@Name\": \"TargetUserSid\", \"#text\": \"S-1-5-21-3521346-774097835-5683131894-1249\"}, {\"@Name\": \"TargetUserName\", \"#text\": \"OOPS-WORKSTATION_4$\"}, {\"@Name\": \"TargetDomainName\", \"#text\": \"OOPS.NET\"}, {\"@Name\": \"TargetLogonId\", \"#text\": \"0X3396E5\"}, {\"@Name\": \"LogonType\", \"#text\": \"3\"}, {\"@Name\": \"LogonProcessName\", \"#text\": \"Kerberos\"}, {\"@Name\": \"AuthenticationPackageName\", \"#text\": \"Kerberos\"}, {\"@Name\": \"WorkstationName\", \"#text\": \"-\"}, {\"@Name\": \"LogonGuid\", \"#text\": \"677a847e-b0bf-43e6-943a-8158be111f16\"}, {\"@Name\": \"TransmittedServices\", \"#text\": \"-\"}, {\"@Name\": \"LmPackageName\", \"#text\": \"-\"}, {\"@Name\": \"KeyLength\", \"#text\": \"0\"}, {\"@Name\": \"ProcessId\", \"#text\": \"0x0\"}, {\"@Name\": \"ProcessName\", \"#text\": \"-\"}, {\"@Name\": \"IpAddress\", \"#text\": \"10.210.95.151\"}, {\"@Name\": \"IpPort\", \"#text\": \"44653\"}, {\"@Name\": \"ImpersonationLevel\", \"#text\": \"%%1833\"}, {\"@Name\": \"RestrictedAdminMode\", \"#text\": \"-\"}, {\"@Name\": \"TargetOutboundUserName\", \"#text\": \"-\"}, {\"@Name\": \"TargetOutboundDomainName\", \"#text\": \"-\"}, {\"@Name\": \"VirtualAccount\", \"#text\": \"%%1843\"}, {\"@Name\": \"TargetLinkedLogonId\", \"#text\": \"0x0\"}, {\"@Name\": \"ElevatedToken\", \"#text\": \"%%1842\"}]}}", "Channel": "Security", "Provider": "Microsoft-Windows-Security-Auditing", "EventId": 4624, "EventRecordId": "5251", "ProcessId": 693, "ThreadId": 2543, "Level": "LogAlways", "Keywords": "Audit success", "SourceFile": "C:\\Windows\\system32\\winevt\\Logs\\Security.evtx", "ExtraDataOffset": 0, "HiddenRecord": false, "TimeCreated": "2021-03-16T11:14:00.9890227+00:00", "RecordNumber": "5251"}
{"PayloadData1": "Target: OOPS.NET\\OOPS-WORKSTATION_4$", "PayloadData2": "LogonType 3", "PayloadData3": "LogonId: 0X3396F2", "UserName": "-\\-", "RemoteHost": "- (10.210.95.151)", "ExecutableInfo": "-", "MapDescription": "Successful logon", "ChunkNumber": 0, "Computer": "OOPS-DC.oops.net", "Payload": "{\"EventData\": {\"Data\": [{\"@Name\": \"SubjectUserSid\", \"#text\": \"S-1-0-0\"}, {\"@Name\": \"SubjectUserName\", \"#text\": \"-\"}, {\"@Name\": \"SubjectDomainName\", \"#text\": \"-\"}, {\"@Name\": \"SubjectLogonId\", \"#text\": \"0x0\"}, {\"@Name\": \"TargetUserSid\", \"#text\": \"S-1-5-21-3521346-774097835-5683131894-1249\"}, {\"@Name\": \"TargetUserName\", \"#text\": \"OOPS-WORKSTATION_4$\"}, {\"@Name\": \"TargetDomainName\", \"#text\": \"OOPS.NET\"}, {\"@Name\": \"TargetLogonId\", \"#text\": \"0X3396F2\"}, {\"@Name\": \"LogonType\", \"#text\": \"3\"}, {\"@Name\": \"LogonProcessName\", \"#text\": \"Kerberos\"}, {\"@Name\": \"AuthenticationPackageName\", \"#text\": \"Kerberos\"}, {\"@Name\": \"WorkstationName\", \"#text\": \"-\"}, {\"@Name\": \"LogonGuid\", \"#text\": \"2f57c99a-d6a7-49ba-a4a0-d8f1fb47059e\"}, {\"@Name\": \"TransmittedServices\", \"#text\": \"-\"}, {\"@Name\": \"LmPackageName\", \"#text\": \"-\"}, {\"@Name\": \"KeyLength\", \"#text\": \"0\"}, {\"@Name\": \"ProcessId\", \"#text\": \"0x0\"}, {\"@Name\": \"ProcessName\", \"#text\": \"-\"}, {\"@Name\": \"IpAddress\", \"#text\": \"10.210.95.151\"}, {\"@Name\": \"IpPort\", \"#text\": \"44654\"}, {\"@Name\": \"ImpersonationLevel\", \"#text\": \"%%1833\"}, {\"@Name\": \"RestrictedAdminMode\", \"#text\": \"-\"}, {\"@Name\": \"TargetOutboundUserName\", \"#text\": \"-\"}, {\"@Name\": \"TargetOutboundDomainName\", \"#text\": \"-\"}, {\"@Name\": \"VirtualAccount\", \"#text\": \"%%1843\"}, {\"@Name\": \"TargetLinkedLogonId\", \"#text\": \"0x0\"}, {\"@Name\": \"ElevatedToken\", \"#text\": \"%%1842\"}]}}", "Channel": "Security", "Provider": "Microsoft-Windows-Security-Auditing", "EventId": 4624, "EventRecordId": "5256", "ProcessId": 693, "ThreadId": 6535, "Level": "LogAlways", "Keywords": "Audit success", "SourceFile": "C:\\Windows\\system32\\winevt\\Logs\\Security.evtx", "ExtraDataOffset": 0, "HiddenRecord": false, "TimeCreated": "2021-03-16T11:14:01.0479245+00:00", "RecordNumber": "5256"}
{"PayloadData1": "Target: OOPS.NET\\OOPS-WORKSTATION_4$", "PayloadData2": "LogonType 3", "PayloadData3": "LogonId: 0X33971D", "UserName": "-\\-", "RemoteHost": "- (10.210.95.151)", "ExecutableInfo": "-", "MapDescription": "Successful logon", "ChunkNumber": 0, "Computer": "OOPS-DC.oops.net", "Payload": "{\"EventData\": {\"Data\": [{\"@Name\": \"SubjectUserSid\", \"#text\": \"S-1-0-0\"}, {\"@Name\": \"SubjectUserName\", \"#text\": \"-\"}, {\"@Name\": \"SubjectDomainName\", \"#text\": \"-\"}, {\"@Name\": \"SubjectLogonId\", \"#text\": \"0x0\"}, {\"@Name\": \"TargetUserSid\", \"#text\": \"S-1-5-21-3521346-774097835-5683131894-1249\"}, {\"@Name\": \"TargetUserName\", \"#text\": \"OOPS-WORKSTATION_4$\"}, {\"@Name\": \"TargetDomainName\", \"#text\": \"OOPS.NET\"}, {\"@Name\": \"TargetLogonId\", \"#text\": \"0X33971D\"}, {\"@Name\": \"LogonType\", \"#text\": \"3\"}, {\"@Name\": \"LogonProcessName\", \"#text\": \"Kerberos\"}, {\"@Name\": \"AuthenticationPackageName\", \"#text\": \"Kerberos\"}, {\"@Name\": \"WorkstationName\", \"#text\": \"-\"}, {\"@Name\": \"LogonGuid\", \"#text\": \"d6f6c2ea-b8c8-41a4-a0a8-bde2fc72a2fb\"}, {\"@Name\": \"TransmittedServices\", \"#text\": \"-\"}, {\"@Name\": \"LmPackageName\", \"#text\": \"-\"}, {\"@Name\": \"KeyLength\", \"#text\": \"0\"}, {\"@Name\": \"ProcessId\", \"#text\": \"0x0\"}, {\"@Name\": \"ProcessName\", \"#text\": \"-\"}, {\"@Name\": \"IpAddress\", \"#text\": \"10.210.95.151\"}, {\"@Name\": \"IpPort\", \"#text\": \"44655\"}, {\"@Name\": \"ImpersonationLevel\", \"#text\": \"%%1833\"}, {\"@Name\": \"RestrictedAdminMode\", \"#text\": \"-\"}, {\"@Name\": \"TargetOutboundUserName\", \"#text\": \"-\"}, {\"@Name\": \"TargetOutboundDomainName\", \"#text\": \"-\"}, {\"@Name\": \"VirtualAccount\", \"#text\": \"%%1843\"}, {\"@Name\": \"TargetLinkedLogonId\", \"#text\": \"0x0\"}, {\"@Name\": \"ElevatedToken\", \"#text\": \"%%1842\"}]}}", "Channel": "Security", "Provider": "Microsoft-Windows-Security-Auditing", "EventId": 4624, "EventRecordId": "5259", "ProcessId": 693, "ThreadId": 5958, "Level": "LogAlways", "Keywords": "Audit success", "SourceFile": "C:\\Windows\\system32\\winevt\\Logs\\Security.evtx", "ExtraDataOffset": 0, "HiddenRecord": false, "TimeCreated": "2021-03-16T11:14:01.0839747+00:00", "RecordNumber": "5259"}
{"PayloadData1": "Target: OOPS\\OOPS-WORKSTATION_4$", "PayloadData2": "LogonType 3", "PayloadData3": "LogonId: 0X33971D", "MapDescription": "An account was logged off", "ChunkNumber": 0, "Computer": "OOPS-DC.oops.net", "Payload": "{\"EventData\": {\"Data\": [{\"@Name\": \"TargetUserSid\", \"#text\": \"S-1-5-21-3521346-774097835-5683131894-1249\"}, {\"@Name\": \"TargetUserName\", \"#text\": \"OOPS-WORKSTATION_4$\"}, {\"@Name\": \"TargetDomainName\", \"#text\": \"OOPS\"}, {\"@Name\": \"TargetLogonId\", \"#text\": \"0X33971D\"}, {\"@Name\": \"LogonType\", \"#text\": \"3\"}]}}", "Channel": "Security", "Provider": "Microsoft-Windows-Security-Auditing", "EventId": 4634, "EventRecordId": "5260", "ProcessId": 693, "ThreadId": 6535, "Level": "LogAlways", "Keywords": "Audit success", "SourceFile": "C:\\Windows\\system32\\winevt\\Logs\\Security.evtx", "ExtraDataOffset": 0, "HiddenRecord": false, "TimeCreated": "2021-03-16T11:14:01.1198524+00:00", "RecordNumber": "5260"}
{"PayloadData1": "Target: OOPS\\OOPS-WORKSTATION_4$", "PayloadData2": "LogonType 3", "PayloadData3": "LogonId: 0X3396F2", "MapDescription": "An account was logged off", "ChunkNumber": 0, "Computer": "OOPS-DC.oops.net", "Payload": "{\"EventData\": {\"Data\": [{\"@Name\": \"TargetUserSid\", \"#text\": \"S-1-5-21-3521346-774097835-5683131894-1249\"}, {\"@Name\": \"TargetUserName\", \"#text\": \"OOPS-WORKSTATION_4$\"}, {\"@Name\": \"TargetDomainName\", \"#text\": \"OOPS\"}, {\"@Name\": \"TargetLogonId\", \"#text\": \"0X3396F2\"}, {\"@Name\": \"LogonType\", \"#text\": \"3\"}]}}", "Channel": "Security", "Provider": "Microsoft-Windows-Security-Auditing", "EventId": 4634, "EventRecordId": "5261", "ProcessId": 693, "ThreadId": 6535, "Level": "LogAlways", "Keywords": "Audit success", "SourceFile": "C:\\Windows\\system32\\winevt\\Logs\\Security.evtx", "ExtraDataOffset": 0, "HiddenRecord": false, "TimeCreated": "2021-03-16T11:14:01.1399371+00:00", "RecordNumber": "5261"}
{"PayloadData1": "Target: OOPS\\OOPS-WORKSTATION_4$", "PayloadData2": "LogonType 3", "PayloadData3": "LogonId: 0X3396E5", "MapDescription": "An account was logged off", "ChunkNumber": 0, "Computer": "OOPS-DC.oops.net", "Payload": "{\"EventData\": {\"Data\": [{\"@Name\": \"TargetUserSid\", \"#text\": \"S-1-5-21-3521346-774097835-5683131894-1249\"}, {\"@Name\": \"TargetUserName\", \"#text\": \"OOPS-WORKSTATION_4$\"}, {\"@Name\": \"TargetDomainName\", \"#text\": \"OOPS\"}, {\"@Name\": \"TargetLogonId\", \"#text\": \"0X3396E5\"}, {\"@Name\": \"LogonType\", \"#text\": \"3\"}]}}", "Channel": "Security", "Provider": "Microsoft-Windows-Security-Auditing", "EventId": 4634, "EventRecordId": "5263", "ProcessId": 693, "ThreadId": 6644, "Level": "LogAlways", "Keywords": "Audit success", "SourceFile": "C:\\Windows\\system32\\winevt\\Logs\\Security.evtx", "ExtraDataOffset": 0, "HiddenRecord": false, "TimeCreated": "2021-03-16T11:14:01.1668536+00:00", "RecordNumber": "5263"}
{"PayloadData1": "Target: OOPS\\nolin.daniel", "PayloadData2": "ServiceName: krbtgt", "PayloadData3": "ServiceSid: S-1-5-21-3521346-774097835-5683131894-502", "PayloadData4": "TicketEncryptionType: AES256-CTS-HMAC-SHA1-96", "PayloadData5": "Status: KDC_ERR_NONE - No error - No errors were found.", "PayloadData6": "PreAuthType: PA-ENC-TIMESTAMP - This type is normal for standard password authentication.", "RemoteHost": "::ffff:10.210.95.60:30221", "MapDescription": "A Kerberos authentication ticket (TGT) was requested", "ChunkNumber": 0, "Computer": "OOPS-DC.oops.net", "Payload": "{\"EventData\": {\"Data\": [{\"@Name\": \"TargetUserName\", \"#text\": \"nolin.daniel\"}, {\"@Name\": \"TargetDomainName\", \"#text\": \"OOPS\"}, {\"@Name\": \"TargetSid\", \"#text\": \"S-1-5-21-3521346-774097835-5683131894-1214\"}, {\"@Name\": \"ServiceName\", \"#text\": \"krbtgt\"}, {\"@Name\": \"ServiceSid\", \"#text\": \"S-1-5-21-3521346-774097835-5683131894-502\"}, {\"@Name\": \"TicketOptions\", \"#text\": \"0x40810010\"}, {\"@Name\": \"Status\", \"#text\": \"0x0\"}, {\"@Name\": \"TicketEncryptionType\", \"#text\": \"0x12\"}, {\"@Name\": \"PreAuthType\", \"#text\": \"2\"}, {\"@Name\": \"IpAddress\", \"#text\": \"::ffff:10.210.95.60\"}, {\"@Name\": \"IpPort\", \"#text\": \"30221\"}, {\"@Name\": \"CertIssuerName\"}, {\"@Name\": \"CertSerialNumber\"}, {\"@Name\": \"CertThumbprint\"}]}}", "Channel": "Security", "Provider": "Microsoft-Windows-Security-Auditing", "EventId": 4768, "EventRecordId": "5265", "ProcessId": 693, "ThreadId": 5958, "Level": "LogAlways", "Keywords": "Audit success", "SourceFile": "C:\\Windows\\system32\\winevt\\Logs\\Security.evtx", "ExtraDataOffset": 0, "HiddenRecord": false, "TimeCreated": "2021-03-16T11:43:38.1855422+00:00", "RecordNumber": "5265"}
{"PayloadData1": "Target: OOPS.NET\\nolin.daniel@OOPS.NET", "PayloadData2": "ServiceName: OOPS-WORKSTATION_1$", "PayloadData3": "ServiceSid: S-1-5-21-3521346-774097835-5683131894-1190", "PayloadData4": "TicketEncryptionType: AES256-CTS-HMAC-SHA1-96", "PayloadData5": "Status: KDC_ERR_NONE - No error - No errors were found.", "RemoteHost": "::ffff:10.210.95.60:30223", "MapDescription": "A Kerberos service ticket was requested", "ChunkNumber": 0, "Computer": "OOPS-DC.oops.net", "Payload": "{\"EventData\": {\"Data\": [{\"@Name\": \"TargetUserName\", \"#text\": \"nolin.daniel@OOPS.NET\"}, {\"@Name\": \"TargetDomainName\", \"#text\": \"OOPS.NET\"}, {\"@Name\": \"ServiceName\", \"#text\": \"OOPS-WORKSTATION_1$\"}, {\"@Name\": \"ServiceSid\", \"#text\": \"S-1-5-21-3521346-774097835-5683131894-1190\"}, {\"@Name\": \"TicketOptions\", \"#text\": \"0x40810000\"}, {\"@Name\": \"TicketEncryptionType\", \"#text\": \"0x12\"}, {\"@Name\": \"IpAddress\", \"#text\": \"::ffff:10.210.95.60\"}, {\"@Name\": \"IpPort\", \"#text\": \"30223\"}, {\"@Name\": \"Status\", \"#text\": \"0x0\"}, {\"@Name\": \"LogonGuid\", \"#text\": \"e3143a8d-6c70-4076-b7a4-b8a87185ad52\"}, {\"@Name\": \"TransmittedServices\", \"#text\": \"-\"}]}}", "Channel": "Security", "Provider": "Microsoft-Windows-Security-Auditing", "EventId": 4769, "EventRecordId": "5270", "ProcessId": 693, "ThreadId": 6644, "Level": "LogAlways", "Keywords": "Audit success", "SourceFile": "C:\\Windows\\system32\\winevt\\Logs\\Security.evtx", "ExtraDataOffset": 0, "HiddenRecord": false, "TimeCreated": "2021-03-16T11:43:38.2404895+00:00", "RecordNumber": "5270"}
{"PayloadData1": "Target: OOPS.NET\\nolin.daniel@OOPS.NET", "PayloadData2": "ServiceName: OOPS-DC$", "PayloadData3": "ServiceSid: S-1-5-21-3521346-774097835-5683131894-1000", "PayloadData4": "TicketEncryptionType: AES256-CTS-HMAC-SHA1-96", "PayloadData5": "Status: KDC_ERR_NONE - No error - No errors were found.", "RemoteHost": "::ffff:10.210.95.60:30224", "MapDescription": "A Kerberos service ticket was requested", "ChunkNumber": 0, "Computer": "OOPS-DC.oops.net", "Payload": "{\"EventData\": {\"Data\": [{\"@Name\": \"TargetUserName\", \"#text\": \"nolin.daniel@OOPS.NET\"}, {\"@Name\": \"TargetDomainName\", \"#text\": \"OOPS.NET\"}, {\"@Name\": \"ServiceName\", \"#text\": \"OOPS-DC$\"}, {\"@Name\": \"ServiceSid\", \"#text\": \"S-1-5-21-3521346-774097835-5683131894-1000\"}, {\"@Name\": \"TicketOptions\", \"#text\": \"0x40800000\"}, {\"@Name\": \"TicketEncryptionType\", \"#text\": \"0x12\"}, {\"@Name\": \"IpAddress\", \"#text\": \"::ffff:10.210.95.60\"}, {\"@Name\": \"IpPort\", \"#text\": \"30224\"}, {\"@Name\": \"Status\", \"#text\": \"0x0\"}, {\"@Name\": \"LogonGuid\", \"#text\": \"4f018eb7-4ee4-45f7-b9c1-842b52889003\"}, {\"@Name\": \"TransmittedServices\", \"#text\": \"-\"}]}}", "Channel": "Security", "Provider": "Microsoft-Windows-Security-Auditing", "EventId": 4769, "EventRecordId": "5275", "ProcessId": 693, "ThreadId": 6644, "Level": "LogAlways", "Keywords": "Audit success", "SourceFile": "C:\\Windows\\system32\\winevt\\Logs\\Security.evtx", "ExtraDataOffset": 0, "HiddenRecord": false, "TimeCreated": "2021-03-16T11:43:39.3252980+00:00", "RecordNumber": "5275"}
{"PayloadData1": "Target: OOPS.NET\\nolin.daniel", "PayloadData2": "LogonType 3", "PayloadData3": "LogonId: 0X339757", "UserName": "-\\-", "RemoteHost": "- (10.210.95.60)", "ExecutableInfo": "-", "MapDescription": "Successful logon", "ChunkNumber": 0, "Computer": "OOPS-DC.oops.net", "Payload": "{\"EventData\": {\"Data\": [{\"@Name\": \"SubjectUserSid\", \"#text\": \"S-1-0-0\"}, {\"@Name\": \"SubjectUserName\", \"#text\": \"-\"}, {\"@Name\": \"SubjectDomainName\", \"#text\": \"-\"}, {\"@Name\": \"SubjectLogonId\", \"#text\": \"0x0\"}, {\"@Name\": \"TargetUserSid\", \"#text\": \"S-1-5-21-3521346-774097835-5683131894-1214\"}, {\"@Name\": \"TargetUserName\", \"#text\": \"nolin.daniel\"}, {\"@Name\": \"TargetDomainName\", \"#text\": \"OOPS.NET\"}, {\"@Name\": \"TargetLogonId\", \"#text\": \"0X339757\"}, {\"@Name\": \"LogonType\", \"#text\": \"3\"}, {\"@Name\": \"LogonProcessName\", \"#text\": \"Kerberos\"}, {\"@Name\": \"AuthenticationPackageName\", \"#text\": \"Kerberos\"}, {\"@Name\": \"WorkstationName\", \"#text\": \"-\"}, {\"@Name\": \"LogonGuid\", \"#text\": \"577feed0-bd63-42b6-a936-b9aaf9ed643b\"}, {\"@Name\": \"TransmittedServices\", \"#text\": \"-\"}, {\"@Name\": \"LmPackageName\", \"#text\": \"-\"}, {\"@Name\": \"KeyLength\", \"#text\": \"0\"}, {\"@Name\": \"ProcessId\", \"#text\": \"0x0\"}, {\"@Name\": \"ProcessName\", \"#text\": \"-\"}, {\"@Name\": \"IpAddress\", \"#text\": \"10.210.95.60\"}, {\"@Name\": \"IpPort\", \"#text\": \"30225\"}, {\"@Name\": \"ImpersonationLevel\", \"#text\": \"%%1833\"}, {\"@Name\": \"RestrictedAdminMode\", \"#text\": \"-\"}, {\"@Name\": \"TargetOutboundUserName\", \"#text\": \"-\"}, {\"@Name\": \"TargetOutboundDomainName\", \"#text\": \"-\"}, {\"@Name\": \"VirtualAccount\", \"#text\": \"%%1843\"}, {\"@Name\": \"TargetLinkedLogonId\", \"#text\": \"0x0\"}, {\"@Name\": \"ElevatedToken\", \"#text\": \"%%1842\"}]}}", "Channel": "Security", "Provider": "Microsoft-Windows-Security-Auditing", "EventId": 4624, "EventRecordId": "5281", "ProcessId": 693, "ThreadId": 6535, "Level": "LogAlways", "Keywords": "Audit success", "SourceFile": "C:\\Windows\\system32\\winevt\\Logs\\Security.evtx", "ExtraDataOffset": 0, "HiddenRecord": false, "TimeCreated": "2021-03-16T11:43:39.3880411+00:00", "RecordNumber": "5281"}
{"PayloadData1": "Target: OOPS.NET\\OOPS-WORKSTATION_1$", "PayloadData2": "LogonType 3", "PayloadData3": "LogonId: 0X339776", "UserName": "-\\-", "RemoteHost": "- (10.210.95.60)", "ExecutableInfo": "-", "MapDescription": "Successful logon", "ChunkNumber": 0, "Computer": "OOPS-DC.oops.net", "Payload": "{\"EventData\": {\"Data\": [{\"@Name\": \"SubjectUserSid\", \"#text\": \"S-1-0-0\"}, {\"@Name\": \"SubjectUserName\", \"#text\": \"-\"}, {\"@Name\": \"SubjectDomainName\", \"#text\": \"-\"}, {\"@Name\": \"SubjectLogonId\", \"#text\": \"0x0\"}, {\"@Name\": \"TargetUserSid\", \"#text\": \"S-1-5-21-3521346-774097835-5683131894-1190\"}, {\"@Name\": \"TargetUserName\", \"#text\": \"OOPS-WORKSTATION_1$\"}, {\"@Name\": \"TargetDomainName\", \"#text\": \"OOPS.NET\"}, {\"@Name\": \"TargetLogonId\", \"#text\": \"0X339776\"}, {\"@Name\": \"LogonType\", \"#text\": \"3\"}, {\"@Name\": \"LogonProcessName\", \"#text\": \"Kerberos\"}, {\"@Name\": \"AuthenticationPackageName\", \"#text\": \"Kerberos\"}, {\"@Name\": \"WorkstationName\", \"#text\": \"-\"}, {\"@Name\": \"LogonGuid\", \"#text\": \"55597752-ee32-46a3-b1a3-0b963611aee2\"}, {\"@Name\": \"TransmittedServices\", \"#text\": \"-\"}, {\"@Name\": \"LmPackageName\", \"#text\": \"-\"}, {\"@Name\": \"KeyLength\", \"#text\": \"0\"}, {\"@Name\": \"ProcessId\", \"#text\": \"0x0\"}, {\"@Name\": \"ProcessName\", \"#text\": \"-\"}, {\"@Name\": \"IpAddress\", \"#text\": \"10.210.95.60\"}, {\"@Name\": \"IpPort\", \"#text\": \"30226\"}, {\"@Name\": \"ImpersonationLevel\", \"#text\": \"%%1833\"}, {\"@Name\": \"RestrictedAdminMode\", \"#text\": \"-\"}, {\"@Name\": \"TargetOutboundUserName\", \"#text\": \"-\"}, {\"@Name\": \"TargetOutboundDomainName\", \"#text\": \"-\"}, {\"@Name\": \"VirtualAccount\", \"#text\": \"%%1843\"}, {\"@Name\": \"TargetLinkedLogonId\", \"#text\": \"0x0\"}, {\"@Name\": \"ElevatedToken\", \"#text\": \"%%1842\"}]}}", "Channel": "Security", "Provider": "Microsoft-Windows-Security-Auditing", "EventId": 4624, "EventRecordId": "5286", "ProcessId": 693, "ThreadId": 6535, "Level": "LogAlways", "Keywords": "Audit success", "SourceFile": "C:\\Windows\\system32\\winevt\\Logs\\Security.evtx", "ExtraDataOffset": 0, "HiddenRecord": false, "TimeCreated": "2021-03-16T11:43:39.4522723+00:00", "RecordNumber": "5286"}
{"PayloadData1": "Target: OOPS.NET\\nolin.daniel", "PayloadData2": "LogonType 3", "PayloadData3": "LogonId: 0X33977F", "UserName": "-\\-", "RemoteHost": "- (10.210.95.60)", "ExecutableInfo": "-", "MapDescription": "Successful logon", "ChunkNumber": 0, "Computer": "OOPS-DC.oops.net", "Payload": "{\"EventData\": {\"Data\": [{\"@Name\": \"SubjectUserSid\", \"#text\": \"S-1-0-0\"}, {\"@Name\": \"SubjectUserName\", \"#text\": \"-\"}, {\"@Name\": \"SubjectDomainName\", \"#text\": \"-\"}, {\"@Name\": \"SubjectLogonId\", \"#text\": \"0x0\"}, {\"@Name\": \"TargetUserSid\", \"#text\": \"S-1-5-21-3521346-774097835-5683131894-1214\"}, {\"@Name\": \"TargetUserName\", \"#text\": \"nolin.daniel\"}, {\"@Name\": \"TargetDomainName\", \"#text\": \"OOPS.NET\"}, {\"@Name\": \"TargetLogonId\", \"#text\": \"0X33977F\"}, {\"@Name\": \"LogonType\", \"#text\": \"3\"}, {\"@Name\": \"LogonProcessName\", \"#text\": \"Kerberos\"}, {\"@Name\": \"AuthenticationPackageName\", \"#text\": \"Kerberos\"}, {\"@Name\": \"WorkstationName\", \"#text\": \"-\"}, {\"@Name\": \"LogonGuid\", \"#text\": \"9b14fffd-12b6-433a-a494-25e3f00ca18c\"}, {\"@Name\": \"TransmittedServices\", \"#text\": \"-\"}, {\"@Name\": \"LmPackageName\", \"#text\": \"-\"}, {\"@Name\": \"KeyLength\", \"#text\": \"0\"}, {\"@Name\": \"ProcessId\", \"#text\": \"0x0\"}, {\"@Name\": \"ProcessName\", \"#text\": \"-\"}, {\"@Name\": \"IpAddress\", \"#text\": \"10.210.95.60\"}, {\"@Name\": \"IpPort\", \"#text\": \"30227\"}, {\"@Name\": \"ImpersonationLevel\", \"#text\": \"%%1833\"}, {\"@Name\": \"RestrictedAdminMode\", \"#text\": \"-\"}, {\"@Name\": \"TargetOutboundUserName\", \"#text\": \"-\"}, {\"@Name\": \"TargetOutboundDomainName\", \"#text\": \"-\"}, {\"@Name\": \"VirtualAccount\", \"#text\": \"%%1843\"}, {\"@Name\": \"TargetLinkedLogonId\", \"#text\": \"0x0\"}, {\"@Name\": \"ElevatedToken\", \"#text\": \"%%1842\"}]}}", "Channel": "Security", "Provider": "Microsoft-Windows-Security-Auditing", "EventId": 4624, "EventRecordId": "5292", "ProcessId": 693, "ThreadId": 1465, "Level": "LogAlways", "Keywords": "Audit success", "SourceFile": "C:\\Windows\\system32\\winevt\\Logs\\Security.evtx", "ExtraDataOffset": 0, "HiddenRecord": false, "TimeCreated": "2021-03-16T11:43:39.5180838+00:00", "RecordNumber": "5292"}
{"PayloadData1": "Target: OOPS\\nolin.daniel", "PayloadData2": "LogonType 3", "PayloadData3": "LogonId: 0X33977F", "MapDescription": "An account was logged off", "ChunkNumber": 0, "Computer": "OOPS-DC.oops.net", "Payload": "{\"EventData\": {\"Data\": [{\"@Name\": \"TargetUserSid\", \"#text\": \"S-1-5-21-3521346-774097835-5683131894-1214\"}, {\"@Name\": \"TargetUserName\", \"#text\": \"nolin.daniel\"}, {\"@Name\": \"TargetDomainName\", \"#text\": \"OOPS\"}, {\"@Name\": \"TargetLogonId\", \"#text\": \"0X33977F\"}, {\"@Name\": \"LogonType\", \"#text\": \"3\"}]}}", "Channel": "Security", "Provider": "Microsoft-Windows-Security-Auditing", "EventId": 4634, "EventRecordId": "5297", "ProcessId": 693, "ThreadId": 1465, "Level": "LogAlways", "Keywords": "Audit success", "SourceFile": "C:\\Windows\\system32\\winevt\\Logs\\Security.evtx", "ExtraDataOffset": 0, "HiddenRecord": false, "TimeCreated": "2021-03-16T11:43:39.6009975+00:00", "RecordNumber": "5297"}
{"PayloadData1": "Target: OOPS\\OOPS-WORKSTATION_1$", "PayloadData2": "LogonType 3", "PayloadData3": "LogonId: 0X339776", "MapDescription": "An account was logged off", "ChunkNumber": 0, "Computer": "OOPS-DC.oops.net", "Payload": "{\"EventData\": {\"Data\": [{\"@Name\": \"TargetUserSid\", \"#text\": \"S-1-5-21-3521346-774097835-5683131894-1190\"}, {\"@Name\": \"TargetUserName\", \"#text\": \"OOPS-WORKSTATION_1$\"}, {\"@Name\": \"TargetDomainName\", \"#text\": \"OOPS\"}, {\"@Name\": \"TargetLogonId\", \"#text\": \"0X339776\"}, {\"@Name\": \"LogonType\", \"#text\": \"3\"}]}}", "Channel": "Security", "Provider": "Microsoft-Windows-Security-Auditing", "EventId": 4634, "EventRecordId": "5299", "ProcessId": 693, "ThreadId": 6535, "Level": "LogAlways", "Keywords": "Audit success", "SourceFile": "C:\\Windows\\system32\\winevt\\Logs\\Security.evtx", "ExtraDataOffset": 0, "HiddenRecord": false, "TimeCreated": "2021-03-16T11:43:39.6241652+00:00", "RecordNumber": "5299"}
{"PayloadData1": "Target: OOPS.NET\\OOPS-WORKSTATION_1$@OOPS.NET", "PayloadData2": "ServiceName: OOPS-DC$", "PayloadData3": "ServiceSid: S-1-5-21-3521346-774097835-5683131894-1000", "PayloadData4": "TicketEncryptionType: AES256-CTS-HMAC-SHA1-96", "PayloadData5": "Status: KDC_ERR_NONE - No error - No errors were found.", "RemoteHost": "::ffff:10.210.95.60:30229", "MapDescription": "A Kerberos service ticket was requested", "ChunkNumber": 0, "Computer": "OOPS-DC.oops.net", "Payload": "{\"EventData\": {\"Data\": [{\"@Name\": \"TargetUserName\", \"#text\": \"OOPS-WORKSTATION_1$@OOPS.NET\"}, {\"@Name\": \"TargetDomainName\", \"#text\": \"OOPS.NET\"}, {\"@Name\": \"ServiceName\", \"#text\": \"OOPS-DC$\"}, {\"@Name\": \"ServiceSid\", \"#text\": \"S-1-5-21-3521346-774097835-5683131894-1000\"}, {\"@Name\": \"TicketOptions\", \"#text\": \"0x40800000\"}, {\"@Name\": \"TicketEncryptionType\", \"#text\": \"0x12\"}, {\"@Name\": \"IpAddress\", \"#text\": \"::ffff:10.210.95.60\"}, {\"@Name\": \"IpPort\", \"#text\": \"30229\"}, {\"@Name\": \"Status\", \"#text\": \"0x0\"}, {\"@Name\": \"LogonGuid\", \"#text\": \"b140541d-da23-4f3e-9805-099bfdbabecd\"}, {\"@Name\": \"TransmittedServices\", \"#text\": \"-\"}]}}", "Channel": "Security", "Provider": "Microsoft-Windows-Security-Auditing", "EventId": 4769, "EventRecordId": "5306", "ProcessId": 693, "ThreadId": 1465, "Level": "LogAlways", "Keywords": "Audit success", "SourceFile": "C:\\Windows\\system32\\winevt\\Logs\\Security.evtx", "ExtraDataOffset": 0, "HiddenRecord": false, "TimeCreated": "2021-03-16T11:43:42.7113983+00:00", "RecordNumber": "5306"}
{"PayloadData1": "Target: OOPS.NET\\nolin.daniel@OOPS.NET", "PayloadData2": "ServiceName: OOPS-DC$", "PayloadData3": "ServiceSid: S-1-5-21-3521346-774097835-5683131894-1000", "PayloadData4": "TicketEncryptionType: AES256-CTS-HMAC-SHA1-96", "PayloadData5": "Status: KDC_ERR_NONE - No error - No errors were found.", "RemoteHost": "::ffff:10.210.95.60:30230", "MapDescription": "A Kerberos service ticket was requested", "ChunkNumber": 0, "Computer": "OOPS-DC.oops.net", "Payload": "{\"EventData\": {\"Data\": [{\"@Name\": \"TargetUserName\", \"#text\": \"nolin.daniel@OOPS.NET\"}, {\"@Name\": \"TargetDomainName\", \"#text\": \"OOPS.NET\"}, {\"@Name\": \"ServiceName\", \"#text\": \"OOPS-DC$\"}, {\"@Name\": \"ServiceSid\", \"#text\": \"S-1-5-21-3521346-774097835-5683131894-1000\"}, {\"@Name\": \"TicketOptions\", \"#text\": \"0x40810000\"}, {\"@Name\": \"TicketEncryptionType\", \"#text\": \"0x12\"}, {\"@Name\": \"IpAddress\", \"#text\": \"::ffff:10.210.95.60\"}, {\"@Name\": \"IpPort\", \"#text\": \"30230\"}, {\"@Name\": \"Status\", \"#text\": \"0x0\"}, {\"@Name\": \"LogonGuid\", \"#text\": \"b6fc1dc9-a9fe-40ba-93b8-08093202bf7a\"}, {\"@Name\": \"TransmittedServices\", \"#text\": \"-\"}]}}", "Channel": "Security", "Provider": "Microsoft-Windows-Security-Auditing", "EventId": 4769, "EventRecordId": "5309", "ProcessId": 693, "ThreadId": 6535, "Level": "LogAlways", "Keywords": "Audit success", "SourceFile": "C:\\Windows\\system32\\winevt\\Logs\\Security.evtx", "ExtraDataOffset": 0, "HiddenRecord": false, "TimeCreated": "2021-03-16T11:43:42.7866147+00:00", "RecordNumber": "5309"}
{"PayloadData1": "Target: OOPS.NET\\OOPS-WORKSTATION_1$", "PayloadData2": "LogonType 3", "PayloadData3": "LogonId: 0X3397AE", "UserName": "-\\-", "RemoteHost": "- (10.210.95.60)", "ExecutableInfo": "-", "MapDescription": "Successful logon", "ChunkNumber": 0, "Computer": "OOPS-DC.oops.net", "Payload": "{\"EventData\": {\"Data\": [{\"@Name\": \"SubjectUserSid\", \"#text\": \"S-1-0-0\"}, {\"@Name\": \"SubjectUserName\", \"#text\": \"-\"}, {\"@Name\": \"SubjectDomainName\", \"#text\": \"-\"}, {\"@Name\": \"SubjectLogonId\", \"#text\": \"0x0\"}, {\"@Name\": \"TargetUserSid\", \"#text\": \"S-1-5-21-3521346-774097835-5683131894-1190\"}, {\"@Name\": \"TargetUserName\", \"#text\": \"OOPS-WORKSTATION_1$\"}, {\"@Name\": \"TargetDomainName\", \"#text\": \"OOPS.NET\"}, {\"@Name\": \"TargetLogonId\", \"#text\": \"0X3397AE\"}, {\"@Name\": \"LogonType\", \"#text\": \"3\"}, {\"@Name\": \"LogonProcessName\", \"#text\": \"Kerberos\"}, {\"@Name\": \"AuthenticationPackageName\", \"#text\": \"Kerberos\"}, {\"@Name\": \"WorkstationName\", \"#text\": \"-\"}, {\"@Name\": \"LogonGuid\", \"#text\": \"7cb9a69c-f652-4a2e-a1e1-8df1be3709d4\"}, {\"@Name\": \"TransmittedServices\", \"#text\": \"-\"}, {\"@Name\": \"LmPackageName\", \"#text\": \"-\"}, {\"@Name\": \"KeyLength\", \"#text\": \"0\"}, {\"@Name\": \"ProcessId\", \"#text\": \"0x0\"}, {\"@Name\": \"ProcessName\", \"#text\": \"-\"}, {\"@Name\": \"IpAddress\", \"#text\": \"10.210.95.60\"}, {\"@Name\": \"IpPort\", \"#text\": \"30231\"}, {\"@Name\": \"ImpersonationLevel\", \"#text\": \"%%1833\"}, {\"@Name\": \"RestrictedAdminMode\", \"#text\": \"-\"}, {\"@Name\": \"TargetOutboundUserName\", \"#text\": \"-\"}, {\"@Name\": \"TargetOutboundDomainName\", \"#text\": \"-\"}, {\"@Name\": \"VirtualAccount\", \"#text\": \"%%1843\"}, {\"@Name\": \"TargetLinkedLogonId\", \"#text\": \"0x0\"}, {\"@Name\": \"ElevatedToken\", \"#text\": \"%%1842\"}]}}", "Channel": "Security", "Provider": "Microsoft-Windows-Security-Auditing", "EventId": 4624, "EventRecordId": "5311", "ProcessId": 693, "ThreadId": 6535, "Level": "LogAlways", "Keywords": "Audit success", "SourceFile": "C:\\Windows\\system32\\winevt\\Logs\\Security.evtx", "ExtraDataOffset": 0, "HiddenRecord": false, "TimeCreated": "2021-03-16T11:43:42.8658639+00:00", "RecordNumber": "5311"}
{"PayloadData1": "Target: OOPS.NET\\OOPS-WORKSTATION_1$", "PayloadData2": "LogonType 3", "PayloadData3": "LogonId: 0X3397DD", "UserName": "-\\-", "RemoteHost": "- (10.210.95.60)", "ExecutableInfo": "-", "MapDescription": "Successful logon", "ChunkNumber": 0, "Computer": "OOPS-DC.oops.net", "Payload": "{\"EventData\": {\"Data\": [{\"@Name\": \"SubjectUserSid\", \"#text\": \"S-1-0-0\"}, {\"@Name\": \"SubjectUserName\", \"#text\": \"-\"}, {\"@Name\": \"SubjectDomainName\", \"#text\": \"-\"}, {\"@Name\": \"SubjectLogonId\", \"#text\": \"0x0\"}, {\"@Name\": \"TargetUserSid\", \"#text\": \"S-1-5-21-3521346-774097835-5683131894-1190\"}, {\"@Name\": \"TargetUserName\", \"#text\": \"OOPS-WORKSTATION_1$\"}, {\"@Name\": \"TargetDomainName\", \"#text\": \"OOPS.NET\"}, {\"@Name\": \"TargetLogonId\", \"#text\": \"0X3397DD\"}, {\"@Name\": \"LogonType\", \"#text\": \"3\"}, {\"@Name\": \"LogonProcessName\", \"#text\": \"Kerberos\"}, {\"@Name\": \"AuthenticationPackageName\", \"#text\": \"Kerberos\"}, {\"@Name\": \"WorkstationName\", \"#text\": \"-\"}, {\"@Name\": \"LogonGuid\", \"#text\": \"91117450-b443-46d6-8553-3ebb06f38dbd\"}, {\"@Name\": \"TransmittedServices\", \"#text\": \"-\"}, {\"@Name\": \"LmPackageName\", \"#text\": \"-\"}, {\"@Name\": \"KeyLength\", \"#text\": \"0\"}, {\"@Name\": \"ProcessId\", \"#text\": \"0x0\"}, {\"@Name\": \"ProcessName\", \"#text\": \"-\"}, {\"@Name\": \"IpAddress\", \"#text\": \"10.210.95.60\"}, {\"@Name\": \"IpPort\", \"#text\": \"30233\"}, {\"@Name\": \"ImpersonationLevel\", \"#text\": \"%%1833\"}, {\"@Name\": \"RestrictedAdminMode\", \"#text\": \"-\"}, {\"@Name\": \"TargetOutboundUserName\", \"#text\": \"-\"}, {\"@Name\": \"TargetOutboundDomainName\", \"#text\": \"-\"}, {\"@Name\": \"VirtualAccount\", \"#text\": \"%%1843\"}, {\"@Name\": \"TargetLinkedLogonId\", \"#text\": \"0x0\"}, {\"@Name\": \"ElevatedToken\", \"#text\": \"%%1842\"}]}}", "Channel": "Security", "Provider": "Microsoft-Windows-Security-Auditing", "EventId": 4624, "EventRecordId": "5316", "ProcessId": 693, "ThreadId": 5958, "Level": "LogAlways", "Keywords": "Audit success", "SourceFile": "C:\\Windows\\system32\\winevt\\Logs\\Security.evtx", "ExtraDataOffset": 0, "HiddenRecord": false, "TimeCreated": "2021-03-16T11:43:42.9254194+00:00", "RecordNumber": "5316"}
